<?xml version="1.0" encoding="UTF-8"?>
<testng-results ignored="0" total="1" passed="1" failed="0" skipped="0">
  <reporter-output>
  </reporter-output>
  <suite started-at="2025-03-14T06:36:25 IST" name="Default suite" finished-at="2025-03-14T06:36:36 IST" duration-ms="10745">
    <groups>
    </groups>
    <test started-at="2025-03-14T06:36:25 IST" name="Default test" finished-at="2025-03-14T06:36:36 IST" duration-ms="10745">
      <class name="extentReports.AddScreenShot">
        <test-method signature="addingScreenshot()[pri:0, instance:extentReports.AddScreenShot@46cdf8bd]" started-at="2025-03-14T06:36:25 IST" name="addingScreenshot" finished-at="2025-03-14T06:36:36 IST" duration-ms="10685" status="PASS">
          <reporter-output>
          </reporter-output>
        </test-method> <!-- addingScreenshot -->
      </class> <!-- extentReports.AddScreenShot -->
    </test> <!-- Default test -->
  </suite> <!-- Default suite -->
</testng-results>
